Results of jscpd linter (version 3.3.23)
See documentation on https://nvuillam.github.io/mega-linter/descriptors/copypaste_jscpd/
-----------------------------------------------

❌ [ERROR] for workspace /tmp/lint
Linter raw log:
Clone found (typescript):
 - dist/index.d.ts [1:1 - 12:8] (11 lines, 141 tokens)
   src/index.ts [1:1 - 14:6]

┌────────────┬────────────────┬─────────────┬──────────────┬──────────────┬──────────────────┬───────────────────┐
│ Format     │ Files analyzed │ Total lines │ Total tokens │ Clones found │ Duplicated lines │ Duplicated tokens │
├────────────┼────────────────┼─────────────┼──────────────┼──────────────┼──────────────────┼───────────────────┤
│ typescript │ 21             │ 1120        │ 11771        │ 1            │ 11 (0.98%)       │ 141 (1.2%)        │
├────────────┼────────────────┼─────────────┼──────────────┼──────────────┼──────────────────┼───────────────────┤
│ javascript │ 5              │ 62          │ 1038         │ 0            │ 0 (0%)           │ 0 (0%)            │
├────────────┼────────────────┼─────────────┼──────────────┼──────────────┼──────────────────┼───────────────────┤
│ Total:     │ 26             │ 1182        │ 12809        │ 1            │ 11 (0.93%)       │ 141 (1.1%)        │
└────────────┴────────────────┴─────────────┴──────────────┴──────────────┴──────────────────┴───────────────────┘
Found 1 clones.
HTML report saved to report/copy-paste/html/
ERROR: jscpd found too many duplicates (0.93%) over threshold (0%)
Error: ERROR: jscpd found too many duplicates (0.93%) over threshold (0%)
    at ThresholdReporter.report (/node_modules/@jscpd/finder/dist/reporters/threshold.js:12:19)
    at /node_modules/@jscpd/finder/dist/in-files-detector.js:82:26
    at Array.forEach (<anonymous>)
    at /node_modules/@jscpd/finder/dist/in-files-detector.js:81:28
    at processTicksAndRejections (node:internal/process/task_queues:93:5)

