Results of jsonlint linter (version 1.6.3)
See documentation on https://nvuillam.github.io/mega-linter/descriptors/json_jsonlint/
-----------------------------------------------

✅ [SUCCESS] .nyc_output/51c4845a-64af-4158-9eec-82b46f0c3322.json
✅ [SUCCESS] .nyc_output/52f87fd6-6b8b-4dc5-b4a8-9f17cbd54022.json
✅ [SUCCESS] .nyc_output/6dee075a-9f2b-4072-8646-141f3c4b9a66.json
✅ [SUCCESS] .nyc_output/processinfo/51c4845a-64af-4158-9eec-82b46f0c3322.json
✅ [SUCCESS] .nyc_output/processinfo/52f87fd6-6b8b-4dc5-b4a8-9f17cbd54022.json
✅ [SUCCESS] .nyc_output/processinfo/6dee075a-9f2b-4072-8646-141f3c4b9a66.json
✅ [SUCCESS] .nyc_output/processinfo/index.json
✅ [SUCCESS] .nycrc.json
✅ [SUCCESS] .releaserc.json
✅ [SUCCESS] nodemon.json
✅ [SUCCESS] package-lock.json
✅ [SUCCESS] package.json
✅ [SUCCESS] tsconfig.json
✅ [SUCCESS] tslint.json
✅ [SUCCESS] typings.json
✅ [SUCCESS] typings/globals/mocha/typings.json
✅ [SUCCESS] typings/modules/chai/typings.json
